<?xml version="1.0" encoding="UTF-8"?>
<robot generator="Robot 3.2.1 (Python 3.9.6 on win32)" generated="20210709 21:33:02.707" rpa="false">
<suite id="s1" name="Test" source="C:\workspaces\robot\test">
<suite id="s1-s1" name="Test" source="C:\workspaces\robot\test\test">
<suite id="s1-s1-s1" name="TestSuite" source="C:\workspaces\robot\test\test\TestSuite.robot">
<kw name="Log" library="BuiltIn" type="setup">
<doc>Logs the given message with the given level.</doc>
<arguments>
<arg>This is Test Suite setup</arg>
</arguments>
<msg timestamp="20210709 21:33:03.110" level="INFO">This is Test Suite setup</msg>
<status status="PASS" starttime="20210709 21:33:03.110" endtime="20210709 21:33:03.110"></status>
</kw>
<test id="s1-s1-s1-t1" name="MyFirstTest">
<kw name="Log" library="BuiltIn" type="setup">
<doc>Logs the given message with the given level.</doc>
<arguments>
<arg>This is Test setup</arg>
</arguments>
<msg timestamp="20210709 21:33:03.111" level="INFO">This is Test setup</msg>
<status status="PASS" starttime="20210709 21:33:03.111" endtime="20210709 21:33:03.111"></status>
</kw>
<kw name="Log" library="BuiltIn">
<doc>Logs the given message with the given level.</doc>
<arguments>
<arg>HelloWorld..</arg>
</arguments>
<msg timestamp="20210709 21:33:03.111" level="INFO">HelloWorld..</msg>
<status status="PASS" starttime="20210709 21:33:03.111" endtime="20210709 21:33:03.111"></status>
</kw>
<kw name="Log" library="BuiltIn" type="teardown">
<doc>Logs the given message with the given level.</doc>
<arguments>
<arg>This is Test Suite teardown</arg>
</arguments>
<msg timestamp="20210709 21:33:03.112" level="INFO">This is Test Suite teardown</msg>
<status status="PASS" starttime="20210709 21:33:03.112" endtime="20210709 21:33:03.112"></status>
</kw>
<status status="PASS" starttime="20210709 21:33:03.110" endtime="20210709 21:33:03.112" critical="yes"></status>
</test>
<test id="s1-s1-s1-t2" name="FirstSeleniumTest">
<kw name="Log" library="BuiltIn" type="setup">
<doc>Logs the given message with the given level.</doc>
<arguments>
<arg>This is Test setup</arg>
</arguments>
<msg timestamp="20210709 21:33:03.113" level="INFO">This is Test setup</msg>
<status status="PASS" starttime="20210709 21:33:03.113" endtime="20210709 21:33:03.113"></status>
</kw>
<kw name="Open Browser" library="SeleniumLibrary">
<doc>Opens a new browser instance to the optional ``url``.</doc>
<arguments>
<arg>https://google.com</arg>
<arg>chrome</arg>
</arguments>
<msg timestamp="20210709 21:33:03.114" level="INFO">Opening browser 'chrome' to base url 'https://google.com'.</msg>
<status status="PASS" starttime="20210709 21:33:03.114" endtime="20210709 21:33:06.555"></status>
</kw>
<kw name="Set Browser Implicit Wait" library="SeleniumLibrary">
<doc>Sets the implicit wait value used by Selenium.</doc>
<arguments>
<arg>5</arg>
</arguments>
<status status="PASS" starttime="20210709 21:33:06.556" endtime="20210709 21:33:06.558"></status>
</kw>
<kw name="Click Button" library="SeleniumLibrary">
<doc>Clicks the button identified by ``locator``.</doc>
<arguments>
<arg>id=L2AGLb</arg>
</arguments>
<msg timestamp="20210709 21:33:06.559" level="INFO">Clicking button 'id=L2AGLb'.</msg>
<status status="PASS" starttime="20210709 21:33:06.558" endtime="20210709 21:33:06.641"></status>
</kw>
<kw name="Input Text" library="SeleniumLibrary">
<doc>Types the given ``text`` into the text field identified by ``locator``.</doc>
<arguments>
<arg>name=q</arg>
<arg>Automation Step By Step</arg>
</arguments>
<msg timestamp="20210709 21:33:06.643" level="INFO">Typing text 'Automation Step By Step' into text field 'name=q'.</msg>
<status status="PASS" starttime="20210709 21:33:06.642" endtime="20210709 21:33:06.896"></status>
</kw>
<kw name="Press Keys" library="SeleniumLibrary">
<doc>Simulates the user pressing key(s) to an element or on the active browser.</doc>
<arguments>
<arg>name=q</arg>
<arg>ENTER</arg>
</arguments>
<msg timestamp="20210709 21:33:06.898" level="INFO">Sending key(s) ('ENTER',) to name=q element.</msg>
<msg timestamp="20210709 21:33:07.213" level="INFO">Pressing special key ENTER to element.</msg>
<msg timestamp="20210709 21:33:07.214" level="INFO">Releasing special key ENTER.</msg>
<status status="PASS" starttime="20210709 21:33:06.897" endtime="20210709 21:33:08.816"></status>
</kw>
<kw name="Sleep" library="BuiltIn">
<doc>Pauses the test executed for the given time.</doc>
<arguments>
<arg>5</arg>
</arguments>
<msg timestamp="20210709 21:33:13.820" level="INFO">Slept 5 seconds</msg>
<status status="PASS" starttime="20210709 21:33:08.817" endtime="20210709 21:33:13.821"></status>
</kw>
<kw name="Close Browser" library="SeleniumLibrary">
<doc>Closes the current browser.</doc>
<status status="PASS" starttime="20210709 21:33:13.822" endtime="20210709 21:33:16.691"></status>
</kw>
<kw name="Log" library="BuiltIn">
<doc>Logs the given message with the given level.</doc>
<arguments>
<arg>Test Completed</arg>
</arguments>
<msg timestamp="20210709 21:33:16.695" level="INFO">Test Completed</msg>
<status status="PASS" starttime="20210709 21:33:16.693" endtime="20210709 21:33:16.696"></status>
</kw>
<kw name="Log" library="BuiltIn" type="teardown">
<doc>Logs the given message with the given level.</doc>
<arguments>
<arg>This is Test Suite teardown</arg>
</arguments>
<msg timestamp="20210709 21:33:16.700" level="INFO">This is Test Suite teardown</msg>
<status status="PASS" starttime="20210709 21:33:16.698" endtime="20210709 21:33:16.700"></status>
</kw>
<status status="PASS" starttime="20210709 21:33:03.113" endtime="20210709 21:33:16.702" critical="yes"></status>
</test>
<test id="s1-s1-s1-t3" name="SampleLoginTest">
<kw name="Log" library="BuiltIn" type="setup">
<doc>Logs the given message with the given level.</doc>
<arguments>
<arg>This is Test setup</arg>
</arguments>
<msg timestamp="20210709 21:33:16.706" level="INFO">This is Test setup</msg>
<status status="PASS" starttime="20210709 21:33:16.705" endtime="20210709 21:33:16.707"></status>
</kw>
<kw name="Open Browser" library="SeleniumLibrary">
<doc>Opens a new browser instance to the optional ``url``.</doc>
<arguments>
<arg>${URL}</arg>
<arg>chrome</arg>
</arguments>
<msg timestamp="20210709 21:33:16.708" level="INFO">Opening browser 'chrome' to base url 'https://opensource-demo.orangehrmlive.com/'.</msg>
<status status="PASS" starttime="20210709 21:33:16.708" endtime="20210709 21:33:21.457"></status>
</kw>
<kw name="Set Browser Implicit Wait" library="SeleniumLibrary">
<doc>Sets the implicit wait value used by Selenium.</doc>
<arguments>
<arg>5</arg>
</arguments>
<status status="PASS" starttime="20210709 21:33:21.458" endtime="20210709 21:33:21.460"></status>
</kw>
<kw name="LoginKW">
<kw name="Input Text" library="SeleniumLibrary">
<doc>Types the given ``text`` into the text field identified by ``locator``.</doc>
<arguments>
<arg>id=txtUsername</arg>
<arg>${CREDENTIALS}[0]</arg>
</arguments>
<msg timestamp="20210709 21:33:21.461" level="INFO">Typing text 'Admin' into text field 'id=txtUsername'.</msg>
<status status="PASS" starttime="20210709 21:33:21.461" endtime="20210709 21:33:21.613"></status>
</kw>
<kw name="Input Password" library="SeleniumLibrary">
<doc>Types the given password into the text field identified by ``locator``.</doc>
<arguments>
<arg>id=txtPassword</arg>
<arg>${CREDENTIALS}[1]</arg>
</arguments>
<msg timestamp="20210709 21:33:21.616" level="INFO">Typing password into text field 'id=txtPassword'.</msg>
<msg timestamp="20210709 21:33:21.679" level="INFO">Temporally setting log level to: NONE</msg>
<msg timestamp="20210709 21:33:21.754" level="INFO">Log level changed from NONE to INFO.</msg>
<status status="PASS" starttime="20210709 21:33:21.614" endtime="20210709 21:33:21.754"></status>
</kw>
<kw name="Click Button" library="SeleniumLibrary">
<doc>Clicks the button identified by ``locator``.</doc>
<arguments>
<arg>id=btnLogin</arg>
</arguments>
<msg timestamp="20210709 21:33:21.756" level="INFO">Clicking button 'id=btnLogin'.</msg>
<status status="PASS" starttime="20210709 21:33:21.755" endtime="20210709 21:33:23.654"></status>
</kw>
<status status="PASS" starttime="20210709 21:33:21.460" endtime="20210709 21:33:23.655"></status>
</kw>
<kw name="Click Element" library="SeleniumLibrary">
<doc>Click the element identified by ``locator``.</doc>
<arguments>
<arg>id=welcome</arg>
</arguments>
<msg timestamp="20210709 21:33:23.656" level="INFO">Clicking element 'id=welcome'.</msg>
<status status="PASS" starttime="20210709 21:33:23.655" endtime="20210709 21:33:24.535"></status>
</kw>
<kw name="Click Element" library="SeleniumLibrary">
<doc>Click the element identified by ``locator``.</doc>
<arguments>
<arg>link=Logout</arg>
</arguments>
<msg timestamp="20210709 21:33:24.536" level="INFO">Clicking element 'link=Logout'.</msg>
<status status="PASS" starttime="20210709 21:33:24.535" endtime="20210709 21:33:25.329"></status>
</kw>
<kw name="Close Browser" library="SeleniumLibrary">
<doc>Closes the current browser.</doc>
<status status="PASS" starttime="20210709 21:33:25.329" endtime="20210709 21:33:28.022"></status>
</kw>
<kw name="Log" library="BuiltIn">
<doc>Logs the given message with the given level.</doc>
<arguments>
<arg>Test Completed</arg>
</arguments>
<msg timestamp="20210709 21:33:28.024" level="INFO">Test Completed</msg>
<status status="PASS" starttime="20210709 21:33:28.023" endtime="20210709 21:33:28.025"></status>
</kw>
<kw name="Log" library="BuiltIn">
<doc>Logs the given message with the given level.</doc>
<arguments>
<arg>This test was executed by %{username} on %{os}</arg>
</arguments>
<msg timestamp="20210709 21:33:28.025" level="INFO">This test was executed by reena.jaiswal on Windows_NT</msg>
<status status="PASS" starttime="20210709 21:33:28.025" endtime="20210709 21:33:28.027"></status>
</kw>
<kw name="Log" library="BuiltIn" type="teardown">
<doc>Logs the given message with the given level.</doc>
<arguments>
<arg>This is Test Suite teardown</arg>
</arguments>
<msg timestamp="20210709 21:33:28.028" level="INFO">This is Test Suite teardown</msg>
<status status="PASS" starttime="20210709 21:33:28.027" endtime="20210709 21:33:28.028"></status>
</kw>
<doc>this is sample browser test</doc>
<status status="PASS" starttime="20210709 21:33:16.703" endtime="20210709 21:33:28.029" critical="yes"></status>
</test>
<kw name="Log" library="BuiltIn" type="teardown">
<doc>Logs the given message with the given level.</doc>
<arguments>
<arg>This is Test Suite teardown</arg>
</arguments>
<msg timestamp="20210709 21:33:28.033" level="INFO">This is Test Suite teardown</msg>
<status status="PASS" starttime="20210709 21:33:28.031" endtime="20210709 21:33:28.034"></status>
</kw>
<status status="PASS" starttime="20210709 21:33:02.793" endtime="20210709 21:33:28.034"></status>
</suite>
<status status="PASS" starttime="20210709 21:33:02.790" endtime="20210709 21:33:28.042"></status>
</suite>
<status status="PASS" starttime="20210709 21:33:02.767" endtime="20210709 21:33:28.047"></status>
</suite>
<statistics>
<total>
<stat pass="3" fail="0">Critical Tests</stat>
<stat pass="3" fail="0">All Tests</stat>
</total>
<tag>
</tag>
<suite>
<stat pass="3" fail="0" id="s1" name="Test">Test</stat>
<stat pass="3" fail="0" id="s1-s1" name="Test">Test.Test</stat>
<stat pass="3" fail="0" id="s1-s1-s1" name="TestSuite">Test.Test.TestSuite</stat>
</suite>
</statistics>
<errors>
<msg timestamp="20210709 21:33:02.698" level="ERROR">Error in file 'C:\workspaces\robot\test\test\TestSuite.robot' on line 33: Invalid variable name ' #http://demowebshop.tricentis.com/ worldofreena@gmail.test'.</msg>
</errors>
</robot>
